## Footprint report - date 06.03.2019 15:03:59
## Created by Pcbnew version kicad (5.0.2)-1
## Unit = mm, Angle = deg.

$BeginDESCRIPTION

$BOARD
upper_left_corner 79.000000 79.000000
lower_right_corner 121.000001 121.000001
$EndBOARD

$MODULE "U3"
reference "U3"
value "LM1117-ADJ"
footprint "Package_TO_SOT_SMD:SOT-223-3_TabPin2"
attribut smd
position 108.500000 89.700000  orientation 315.00
layer front
$PAD "1"
Shape Rechteck Layer front
position -3.150000 -2.300000  size  2.000000  1.500000  orientation 0.00
drill  0.000000
shape_offset  0.000000  0.000000
$EndPAD
$PAD "3"
Shape Rechteck Layer front
position -3.150000  2.300000  size  2.000000  1.500000  orientation 0.00
drill  0.000000
shape_offset  0.000000  0.000000
$EndPAD
$PAD "2"
Shape Rechteck Layer front
position -3.149999  0.000000  size  2.000000  1.500000  orientation 0.00
drill  0.000000
shape_offset  0.000000  0.000000
$EndPAD
$PAD "2"
Shape Rechteck Layer front
position  3.149999  0.000000  size  2.000000  3.800000  orientation 0.00
drill  0.000000
shape_offset  0.000000  0.000000
$EndPAD
$EndMODULE  U3

$MODULE "C1"
reference "C1"
value "100nF 10V"
footprint "Capacitor_SMD:C_0603_1608Metric_Pad1.05x0.95mm_HandSolder"
attribut smd
position 85.900000 108.700000  orientation 45.00
layer back
$PAD "2"
Shape Rundecken Layer back
position  0.874999  0.000000  size  1.050000  0.950000  orientation 0.00
drill  0.000000
shape_offset  0.000000  0.000000
$EndPAD
$PAD "1"
Shape Rundecken Layer back
position -0.874999  0.000000  size  1.050000  0.950000  orientation 0.00
drill  0.000000
shape_offset  0.000000  0.000000
$EndPAD
$EndMODULE  C1

$MODULE "C2"
reference "C2"
value "10uF 15V"
footprint "Capacitor_SMD:C_0603_1608Metric_Pad1.05x0.95mm_HandSolder"
attribut smd
position 104.600000 88.700000  orientation 270.00
layer back
$PAD "1"
Shape Rundecken Layer back
position -0.875000  0.000000  size  1.050000  0.950000  orientation 0.00
drill  0.000000
shape_offset  0.000000  0.000000
$EndPAD
$PAD "2"
Shape Rundecken Layer back
position  0.875000  0.000000  size  1.050000  0.950000  orientation 0.00
drill  0.000000
shape_offset  0.000000  0.000000
$EndPAD
$EndMODULE  C2

$MODULE "C3"
reference "C3"
value "100uF 10V"
footprint "Capacitor_SMD:C_1210_3225Metric_Pad1.42x2.65mm_HandSolder"
attribut smd
position 94.700000 92.800000  orientation 90.00
layer back
$PAD "1"
Shape Rundecken Layer back
position -1.487500  0.000000  size  1.425000  2.650000  orientation 0.00
drill  0.000000
shape_offset  0.000000  0.000000
$EndPAD
$PAD "2"
Shape Rundecken Layer back
position  1.487500  0.000000  size  1.425000  2.650000  orientation 0.00
drill  0.000000
shape_offset  0.000000  0.000000
$EndPAD
$EndMODULE  C3

$MODULE "C4"
reference "C4"
value "10uF 15V"
footprint "Capacitor_SMD:C_0603_1608Metric_Pad1.05x0.95mm_HandSolder"
attribut smd
position 94.600000 83.500000  orientation 45.00
layer front
$PAD "2"
Shape Rundecken Layer front
position  0.874999  0.000000  size  1.050000  0.950000  orientation 0.00
drill  0.000000
shape_offset  0.000000  0.000000
$EndPAD
$PAD "1"
Shape Rundecken Layer front
position -0.874999  0.000000  size  1.050000  0.950000  orientation 0.00
drill  0.000000
shape_offset  0.000000  0.000000
$EndPAD
$EndMODULE  C4

$MODULE "C5"
reference "C5"
value "100uF 10V"
footprint "Capacitor_SMD:C_1210_3225Metric_Pad1.42x2.65mm_HandSolder"
attribut smd
position 85.500000 92.000000  orientation 135.00
layer front
$PAD "2"
Shape Rundecken Layer front
position  1.487500  0.000000  size  1.425000  2.650000  orientation 0.00
drill  0.000000
shape_offset  0.000000  0.000000
$EndPAD
$PAD "1"
Shape Rundecken Layer front
position -1.487500  0.000000  size  1.425000  2.650000  orientation 0.00
drill  0.000000
shape_offset  0.000000  0.000000
$EndPAD
$EndMODULE  C5

$MODULE "C6"
reference "C6"
value "10uF 15V"
footprint "Capacitor_SMD:C_0603_1608Metric_Pad1.05x0.95mm_HandSolder"
attribut smd
position 104.200000 86.700000  orientation 45.00
layer front
$PAD "1"
Shape Rundecken Layer front
position -0.874999  0.000000  size  1.050000  0.950000  orientation 0.00
drill  0.000000
shape_offset  0.000000  0.000000
$EndPAD
$PAD "2"
Shape Rundecken Layer front
position  0.874999  0.000000  size  1.050000  0.950000  orientation 0.00
drill  0.000000
shape_offset  0.000000  0.000000
$EndPAD
$EndMODULE  C6

$MODULE "C7"
reference "C7"
value "100uF 10V"
footprint "Capacitor_SMD:C_1210_3225Metric_Pad1.42x2.65mm_HandSolder"
attribut smd
position 114.600000 92.100000  orientation 45.00
layer front
$PAD "1"
Shape Rundecken Layer front
position -1.487500  0.000000  size  1.425000  2.650000  orientation 0.00
drill  0.000000
shape_offset  0.000000  0.000000
$EndPAD
$PAD "2"
Shape Rundecken Layer front
position  1.487500  0.000000  size  1.425000  2.650000  orientation 0.00
drill  0.000000
shape_offset  0.000000  0.000000
$EndPAD
$EndMODULE  C7

$MODULE "J1"
reference "J1"
value "Pins 2P"
footprint "Connector_PinHeader_2.54mm:PinHeader_1x02_P2.54mm_Vertical"
attribut none
position 101.300000 83.300000  orientation 270.00
layer front
$PAD "1"
Shape Rechteck Layer both
position  0.000000  0.000000  size  1.700000  1.700000  orientation 0.00
drill  1.000000
shape_offset  0.000000  0.000000
$EndPAD
$PAD "2"
Shape Oval Layer both
position  0.000000  2.540000  size  1.700000  1.700000  orientation 0.00
drill  1.000000
shape_offset  0.000000  0.000000
$EndPAD
$EndMODULE  J1

$MODULE "J2"
reference "J2"
value "MicroMatch 6P"
footprint "Connector:ConnectorMicromatch-6"
attribut smd
position 108.000000 109.000000  orientation 315.00
layer back
$PAD "1"
Shape Rechteck Layer back
position -3.175000  2.600001  size  1.500000  3.000000  orientation 0.00
drill  0.000000
shape_offset  0.000000  0.000000
$EndPAD
$PAD "2"
Shape Rechteck Layer back
position -1.905000 -2.600000  size  1.500000  3.000000  orientation 0.00
drill  0.000000
shape_offset  0.000000  0.000000
$EndPAD
$PAD "3"
Shape Rechteck Layer back
position -0.635000  2.600000  size  1.500000  3.000000  orientation 0.00
drill  0.000000
shape_offset  0.000000  0.000000
$EndPAD
$PAD "4"
Shape Rechteck Layer back
position  0.635000 -2.600000  size  1.500000  3.000000  orientation 0.00
drill  0.000000
shape_offset  0.000000  0.000000
$EndPAD
$PAD "5"
Shape Rechteck Layer back
position  1.905000  2.600000  size  1.500000  3.000000  orientation 0.00
drill  0.000000
shape_offset  0.000000  0.000000
$EndPAD
$PAD "6"
Shape Rechteck Layer back
position  3.175000 -2.600001  size  1.500000  3.000000  orientation 0.00
drill  0.000000
shape_offset  0.000000  0.000000
$EndPAD
$EndMODULE  J2

$MODULE "Q1"
reference "Q1"
value "BSP318S"
footprint "Package_TO_SOT_SMD:SOT-223-3_TabPin2"
attribut smd
position 100.000000 112.700000  orientation 90.00
layer front
$PAD "2"
Shape Rechteck Layer front
position  3.150000  0.000000  size  2.000000  3.800000  orientation 0.00
drill  0.000000
shape_offset  0.000000  0.000000
$EndPAD
$PAD "2"
Shape Rechteck Layer front
position -3.150000  0.000000  size  2.000000  1.500000  orientation 0.00
drill  0.000000
shape_offset  0.000000  0.000000
$EndPAD
$PAD "3"
Shape Rechteck Layer front
position -3.150000  2.300000  size  2.000000  1.500000  orientation 0.00
drill  0.000000
shape_offset  0.000000  0.000000
$EndPAD
$PAD "1"
Shape Rechteck Layer front
position -3.150000 -2.300000  size  2.000000  1.500000  orientation 0.00
drill  0.000000
shape_offset  0.000000  0.000000
$EndPAD
$EndMODULE  Q1

$MODULE "R1"
reference "R1"
value "R"
footprint "Resistor_SMD:R_0603_1608Metric_Pad1.05x0.95mm_HandSolder"
attribut smd
position 94.000000 93.500000  orientation 45.00
layer front
$PAD "1"
Shape Rundecken Layer front
position -0.874999  0.000000  size  1.050000  0.950000  orientation 0.00
drill  0.000000
shape_offset  0.000000  0.000000
$EndPAD
$PAD "2"
Shape Rundecken Layer front
position  0.874999  0.000000  size  1.050000  0.950000  orientation 0.00
drill  0.000000
shape_offset  0.000000  0.000000
$EndPAD
$EndMODULE  R1

$MODULE "R2"
reference "R2"
value "R"
footprint "Resistor_SMD:R_0603_1608Metric_Pad1.05x0.95mm_HandSolder"
attribut smd
position 96.700000 90.800000  orientation 45.00
layer front
$PAD "2"
Shape Rundecken Layer front
position  0.874999  0.000000  size  1.050000  0.950000  orientation 0.00
drill  0.000000
shape_offset  0.000000  0.000000
$EndPAD
$PAD "1"
Shape Rundecken Layer front
position -0.874999  0.000000  size  1.050000  0.950000  orientation 0.00
drill  0.000000
shape_offset  0.000000  0.000000
$EndPAD
$EndMODULE  R2

$MODULE "R3"
reference "R3"
value "R"
footprint "Resistor_SMD:R_0603_1608Metric_Pad1.05x0.95mm_HandSolder"
attribut smd
position 106.100000 93.400000  orientation 135.00
layer front
$PAD "2"
Shape Rundecken Layer front
position  0.874999  0.000000  size  1.050000  0.950000  orientation 0.00
drill  0.000000
shape_offset  0.000000  0.000000
$EndPAD
$PAD "1"
Shape Rundecken Layer front
position -0.874999  0.000000  size  1.050000  0.950000  orientation 0.00
drill  0.000000
shape_offset  0.000000  0.000000
$EndPAD
$EndMODULE  R3

$MODULE "R4"
reference "R4"
value "R"
footprint "Resistor_SMD:R_0603_1608Metric_Pad1.05x0.95mm_HandSolder"
attribut smd
position 103.500000 90.800000  orientation 135.00
layer front
$PAD "1"
Shape Rundecken Layer front
position -0.874999  0.000000  size  1.050000  0.950000  orientation 0.00
drill  0.000000
shape_offset  0.000000  0.000000
$EndPAD
$PAD "2"
Shape Rundecken Layer front
position  0.874999  0.000000  size  1.050000  0.950000  orientation 0.00
drill  0.000000
shape_offset  0.000000  0.000000
$EndPAD
$EndMODULE  R4

$MODULE "R5"
reference "R5"
value "47"
footprint "Resistor_SMD:R_0603_1608Metric_Pad1.05x0.95mm_HandSolder"
attribut smd
position 105.200000 96.200000  orientation 0.00
layer front
$PAD "2"
Shape Rundecken Layer front
position  0.875000  0.000000  size  1.050000  0.950000  orientation 0.00
drill  0.000000
shape_offset  0.000000  0.000000
$EndPAD
$PAD "1"
Shape Rundecken Layer front
position -0.875000  0.000000  size  1.050000  0.950000  orientation 0.00
drill  0.000000
shape_offset  0.000000  0.000000
$EndPAD
$EndMODULE  R5

$MODULE "R6"
reference "R6"
value "1K"
footprint "Resistor_SMD:R_0603_1608Metric_Pad1.05x0.95mm_HandSolder"
attribut smd
position 94.900000 103.600000  orientation 180.00
layer front
$PAD "2"
Shape Rundecken Layer front
position  0.875000  0.000000  size  1.050000  0.950000  orientation 0.00
drill  0.000000
shape_offset  0.000000  0.000000
$EndPAD
$PAD "1"
Shape Rundecken Layer front
position -0.875000  0.000000  size  1.050000  0.950000  orientation 0.00
drill  0.000000
shape_offset  0.000000  0.000000
$EndPAD
$EndMODULE  R6

$MODULE "R7"
reference "R7"
value "100"
footprint "Resistor_SMD:R_0603_1608Metric_Pad1.05x0.95mm_HandSolder"
attribut smd
position 94.500000 115.900000  orientation 0.00
layer front
$PAD "1"
Shape Rundecken Layer front
position -0.875000  0.000000  size  1.050000  0.950000  orientation 0.00
drill  0.000000
shape_offset  0.000000  0.000000
$EndPAD
$PAD "2"
Shape Rundecken Layer front
position  0.875000  0.000000  size  1.050000  0.950000  orientation 0.00
drill  0.000000
shape_offset  0.000000  0.000000
$EndPAD
$EndMODULE  R7

$MODULE "R8"
reference "R8"
value "5K"
footprint "Resistor_SMD:R_0603_1608Metric_Pad1.05x0.95mm_HandSolder"
attribut smd
position 97.300000 105.500000  orientation 0.00
layer front
$PAD "1"
Shape Rundecken Layer front
position -0.875000  0.000000  size  1.050000  0.950000  orientation 0.00
drill  0.000000
shape_offset  0.000000  0.000000
$EndPAD
$PAD "2"
Shape Rundecken Layer front
position  0.875000  0.000000  size  1.050000  0.950000  orientation 0.00
drill  0.000000
shape_offset  0.000000  0.000000
$EndPAD
$EndMODULE  R8

$MODULE "U1"
reference "U1"
value "ATtiny85-20SU"
footprint "Package_SO:SOIJ-8_5.3x5.3mm_P1.27mm"
attribut smd
position 90.500000 109.400000  orientation 225.00
layer back
$PAD "1"
Shape Rechteck Layer back
position -3.650000  1.905000  size  1.700000  0.650000  orientation 0.00
drill  0.000000
shape_offset  0.000000  0.000000
$EndPAD
$PAD "2"
Shape Rechteck Layer back
position -3.650000  0.635000  size  1.700000  0.650000  orientation 0.00
drill  0.000000
shape_offset  0.000000  0.000000
$EndPAD
$PAD "3"
Shape Rechteck Layer back
position -3.650000 -0.635000  size  1.700000  0.650000  orientation 0.00
drill  0.000000
shape_offset  0.000000  0.000000
$EndPAD
$PAD "4"
Shape Rechteck Layer back
position -3.650000 -1.905000  size  1.700000  0.650000  orientation 0.00
drill  0.000000
shape_offset  0.000000  0.000000
$EndPAD
$PAD "5"
Shape Rechteck Layer back
position  3.650000 -1.905000  size  1.700000  0.650000  orientation 0.00
drill  0.000000
shape_offset  0.000000  0.000000
$EndPAD
$PAD "6"
Shape Rechteck Layer back
position  3.650000 -0.635000  size  1.700000  0.650000  orientation 0.00
drill  0.000000
shape_offset  0.000000  0.000000
$EndPAD
$PAD "7"
Shape Rechteck Layer back
position  3.650000  0.635000  size  1.700000  0.650000  orientation 0.00
drill  0.000000
shape_offset  0.000000  0.000000
$EndPAD
$PAD "8"
Shape Rechteck Layer back
position  3.650000  1.905000  size  1.700000  0.650000  orientation 0.00
drill  0.000000
shape_offset  0.000000  0.000000
$EndPAD
$EndMODULE  U1

$MODULE "U2"
reference "U2"
value "LM1117-ADJ"
footprint "Package_TO_SOT_SMD:SOT-223-3_TabPin2"
attribut smd
position 91.700000 89.700000  orientation 225.00
layer front
$PAD "1"
Shape Rechteck Layer front
position -3.150000 -2.300000  size  2.000000  1.500000  orientation 0.00
drill  0.000000
shape_offset  0.000000  0.000000
$EndPAD
$PAD "3"
Shape Rechteck Layer front
position -3.150000  2.300000  size  2.000000  1.500000  orientation 0.00
drill  0.000000
shape_offset  0.000000  0.000000
$EndPAD
$PAD "2"
Shape Rechteck Layer front
position -3.149999  0.000000  size  2.000000  1.500000  orientation 0.00
drill  0.000000
shape_offset  0.000000  0.000000
$EndPAD
$PAD "2"
Shape Rechteck Layer front
position  3.149999  0.000000  size  2.000000  3.800000  orientation 0.00
drill  0.000000
shape_offset  0.000000  0.000000
$EndPAD
$EndMODULE  U2

$MODULE "U4"
reference "U4"
value "LM1117-5.0"
footprint "Package_TO_SOT_SMD:SOT-223-3_TabPin2"
attribut smd
position 100.000000 91.000000  orientation 270.00
layer back
$PAD "2"
Shape Rechteck Layer back
position  3.150000  0.000000  size  2.000000  3.800000  orientation 0.00
drill  0.000000
shape_offset  0.000000  0.000000
$EndPAD
$PAD "2"
Shape Rechteck Layer back
position -3.150000  0.000000  size  2.000000  1.500000  orientation 0.00
drill  0.000000
shape_offset  0.000000  0.000000
$EndPAD
$PAD "3"
Shape Rechteck Layer back
position -3.150000 -2.300000  size  2.000000  1.500000  orientation 0.00
drill  0.000000
shape_offset  0.000000  0.000000
$EndPAD
$PAD "1"
Shape Rechteck Layer back
position -3.150000  2.300000  size  2.000000  1.500000  orientation 0.00
drill  0.000000
shape_offset  0.000000  0.000000
$EndPAD
$EndMODULE  U4

$MODULE "D1"
reference "D1"
value "LED"
footprint "LED_SMD:LED_Cree-XQ_HandSoldering"
attribut smd
position 89.000000 98.000000  orientation 90.00
layer front
$PAD "2"
Shape Rechteck Layer front
position  0.880000  0.000000  size  1.250000  1.600000  orientation 0.00
drill  0.000000
shape_offset  0.000000  0.000000
$EndPAD
$PAD "1"
Shape Rechteck Layer front
position -0.880000  0.000000  size  1.250000  1.600000  orientation 0.00
drill  0.000000
shape_offset  0.000000  0.000000
$EndPAD
$EndMODULE  D1

$MODULE "D2"
reference "D2"
value "LED"
footprint "LED_SMD:LED_Cree-XQ_HandSoldering"
attribut smd
position 89.000000 102.000000  orientation 90.00
layer front
$PAD "1"
Shape Rechteck Layer front
position -0.880000  0.000000  size  1.250000  1.600000  orientation 0.00
drill  0.000000
shape_offset  0.000000  0.000000
$EndPAD
$PAD "2"
Shape Rechteck Layer front
position  0.880000  0.000000  size  1.250000  1.600000  orientation 0.00
drill  0.000000
shape_offset  0.000000  0.000000
$EndPAD
$EndMODULE  D2

$MODULE "D3"
reference "D3"
value "LED"
footprint "LED_SMD:LED_Cree-XQ_HandSoldering"
attribut smd
position 111.000000 98.000000  orientation 90.00
layer front
$PAD "2"
Shape Rechteck Layer front
position  0.880000  0.000000  size  1.250000  1.600000  orientation 0.00
drill  0.000000
shape_offset  0.000000  0.000000
$EndPAD
$PAD "1"
Shape Rechteck Layer front
position -0.880000  0.000000  size  1.250000  1.600000  orientation 0.00
drill  0.000000
shape_offset  0.000000  0.000000
$EndPAD
$EndMODULE  D3

$MODULE "D4"
reference "D4"
value "LED"
footprint "LED_SMD:LED_Cree-XQ_HandSoldering"
attribut smd
position 111.000000 102.000000  orientation 90.00
layer front
$PAD "1"
Shape Rechteck Layer front
position -0.880000  0.000000  size  1.250000  1.600000  orientation 0.00
drill  0.000000
shape_offset  0.000000  0.000000
$EndPAD
$PAD "2"
Shape Rechteck Layer front
position  0.880000  0.000000  size  1.250000  1.600000  orientation 0.00
drill  0.000000
shape_offset  0.000000  0.000000
$EndPAD
$EndMODULE  D4

$MODULE "D5"
reference "D5"
value "SFH4045N"
footprint "LED_SMD:LED_1210_3225Metric_Pad1.42x2.65mm_HandSolder"
attribut smd
position 106.000000 100.000000  orientation 90.00
layer front
$PAD "2"
Shape Rundecken Layer front
position  1.487500  0.000000  size  1.425000  2.650000  orientation 0.00
drill  0.000000
shape_offset  0.000000  0.000000
$EndPAD
$PAD "1"
Shape Rundecken Layer front
position -1.487500  0.000000  size  1.425000  2.650000  orientation 0.00
drill  0.000000
shape_offset  0.000000  0.000000
$EndPAD
$EndMODULE  D5

$MODULE "Q2"
reference "Q2"
value "SFH3015H"
footprint "LED_SMD:LED_1210_3225Metric_Pad1.42x2.65mm_HandSolder"
attribut smd
position 94.000000 100.000000  orientation 270.00
layer front
$PAD "1"
Shape Rundecken Layer front
position -1.487500  0.000000  size  1.425000  2.650000  orientation 0.00
drill  0.000000
shape_offset  0.000000  0.000000
$EndPAD
$PAD "2"
Shape Rundecken Layer front
position  1.487500  0.000000  size  1.425000  2.650000  orientation 0.00
drill  0.000000
shape_offset  0.000000  0.000000
$EndPAD
$EndMODULE  Q2

$MODULE "D6"
reference "D6"
value "1N5822"
footprint "Diode_SMD:D_SOD-123"
attribut smd
position 100.000000 86.300000  orientation 0.00
layer front
$PAD "1"
Shape Rechteck Layer front
position -1.650000  0.000000  size  0.900000  1.200000  orientation 0.00
drill  0.000000
shape_offset  0.000000  0.000000
$EndPAD
$PAD "2"
Shape Rechteck Layer front
position  1.650000  0.000000  size  0.900000  1.200000  orientation 0.00
drill  0.000000
shape_offset  0.000000  0.000000
$EndPAD
$EndMODULE  D6

$EndDESCRIPTION
